Jun  3 16:39:52 xxx.xxx.xxx.xxx Jun  3 16:39:06 hhhhhhhh ossec: crit=4 id=18105 description="Windows audit failure event." component="(agent1) xxx.xxx.xxx.xxx->WinEvtLog", classification=" windows,", message="WinEvtLog: Security: AUDIT_FAILURE(5157): Microsoft-Windows-Security-Auditing: (no user): no domain: AAAAAA.acmetech.com: The Windows Filtering Platform has blocked a connection. Application Information:  Process ID:  3732  Application Name: \device\harddiskvolume2\program files\splunkuniversalforwarder\bin\splunkd.exe  Network Information:  Direction:  %%14593  Source Address:  xxx.xxx.xxx.xxx  Source Port:  55042  Destination Address: xxx.xxx.xxx.xxx  Destination Port:  9997  Protocol:  6  Filter Information:  Filter Run-Time ID: 0  Layer Name:  %%14611  Layer Run-Time ID: 48"
Jun  3 16:39:42 xxx.xxx.xxx.xxx Jun  3 16:38:54 hhhhhhhh ossec: crit=4 id=18105 description="Windows audit failure event." component="(agent1) xxx.xxx.xxx.xxx->WinEvtLog", classification=" windows,", message="WinEvtLog: Security: AUDIT_FAILURE(5157): Microsoft-Windows-Security-Auditing: (no user): no domain: AAAAAA.acmetech.com: The Windows Filtering Platform has blocked a connection. Application Information:  Process ID:  104740  Application Name: \device\harddiskvolume2\program files\splunk\bin\splunkweb.exe  Network Information:  Direction:  %%14593  Source Address:  xxx.xxx.xxx.xxx  Source Port:  55041  Destination Address: xxx.xxx.xxx.xxx  Destination Port:  8089  Protocol:  6  Filter Information:  Filter Run-Time ID: 0  Layer Name:  %%14611  Layer Run-Time ID: 48"
Jun  3 16:39:42 xxx.xxx.xxx.xxx Jun  3 16:38:54 hhhhhhhh ossec: crit=4 id=18105 description="Windows audit failure event." component="(agent1) xxx.xxx.xxx.xxx->WinEvtLog", classification=" windows,", message="WinEvtLog: Security: AUDIT_FAILURE(5157): Microsoft-Windows-Security-Auditing: (no user): no domain: AAAAAA.acmetech.com: The Windows Filtering Platform has blocked a connection. Application Information:  Process ID:  104740  Application Name: \device\harddiskvolume2\program files\splunk\bin\splunkweb.exe  Network Information:  Direction:  %%14593  Source Address:  xxx.xxx.xxx.xxx  Source Port:  55040  Destination Address: xxx.xxx.xxx.xxx  Destination Port:  8089  Protocol:  6  Filter Information:  Filter Run-Time ID: 0  Layer Name:  %%14611  Layer Run-Time ID: 48"
Jun  3 16:39:42 xxx.xxx.xxx.xxx Jun  3 16:38:54 hhhhhhhh ossec: crit=4 id=18105 description="Windows audit failure event." component="(agent1) xxx.xxx.xxx.xxx->WinEvtLog", classification=" windows,", message="WinEvtLog: Security: AUDIT_FAILURE(5157): Microsoft-Windows-Security-Auditing: (no user): no domain: AAAAAA.acmetech.com: The Windows Filtering Platform has blocked a connection. Application Information:  Process ID:  104740  Application Name: \device\harddiskvolume2\program files\splunk\bin\splunkweb.exe  Network Information:  Direction:  %%14593  Source Address:  xxx.xxx.xxx.xxx  Source Port:  55039  Destination Address: xxx.xxx.xxx.xxx  Destination Port:  8089  Protocol:  6  Filter Information:  Filter Run-Time ID: 0  Layer Name:  %%14611  Layer Run-Time ID: 48"
Jun  3 16:39:42 xxx.xxx.xxx.xxx Jun  3 16:38:54 hhhhhhhh ossec: crit=10 id=18153 description="Multiple Windows audit failure events." component="(agent1) xxx.xxx.xxx.xxx->WinEvtLog", classification=" windows,", message="WinEvtLog: Security: AUDIT_FAILURE(5157): Microsoft-Windows-Security-Auditing: (no user): no domain: AAAAAA.acmetech.com: The Windows Filtering Platform has blocked a connection. Application Information:  Process ID:  94908  Application Name: \device\harddiskvolume2\program files\mozilla firefox\firefox.exe  Network Information:  Direction:  %%14593  Source Address:  xxx.xxx.xxx.xxx  Source Port:  55038  Destination Address: xxx.xxx.xxx.xxx  Destination Port:  8000  Protocol:  6  Filter Information:  Filter Run-Time ID: 0  Layer Name:  %%14611  Layer Run-Time ID: 48"
Jun  3 16:39:21 xxx.xxx.xxx.xxx Jun  3 16:38:33 hhhhhhhh ossec: crit=4 id=18105 description="Windows audit failure event." component="(agent1) xxx.xxx.xxx.xxx->WinEvtLog", classification=" windows,", message="WinEvtLog: Security: AUDIT_FAILURE(5157): Microsoft-Windows-Security-Auditing: (no user): no domain: AAAAAA.acmetech.com: The Windows Filtering Platform has blocked a connection. Application Information:  Process ID:  3732  Application Name: \device\harddiskvolume2\program files\splunkuniversalforwarder\bin\splunkd.exe  Network Information:  Direction:  %%14593  Source Address:  xxx.xxx.xxx.xxx  Source Port:  55037  Destination Address: xxx.xxx.xxx.xxx  Destination Port:  9997  Protocol:  6  Filter Information:  Filter Run-Time ID: 0  Layer Name:  %%14611  Layer Run-Time ID: 48"
Jun  3 16:39:11 xxx.xxx.xxx.xxx Jun  3 16:38:25 hhhhhhhh ossec: crit=5 id=18103 description="Windows error event." component="(agent1) xxx.xxx.xxx.xxx->WinEvtLog", classification=" windows,system_error,", message="WinEvtLog: System: ERROR(7000): Service Control Manager: (no user): no domain: AAAAAA.acmetech.com: The BrowserProtect service failed to start due to the following error:   %%2  "
Jun  3 16:38:51 xxx.xxx.xxx.xxx Jun  3 16:38:05 hhhhhhhh ossec: crit=4 id=18105 description="Windows audit failure event." component="(agent1) xxx.xxx.xxx.xxx->WinEvtLog", classification=" windows,", message="WinEvtLog: Security: AUDIT_FAILURE(5157): Microsoft-Windows-Security-Auditing: (no user): no domain: AAAAAA.acmetech.com: The Windows Filtering Platform has blocked a connection. Application Information:  Process ID:  3732  Application Name: \device\harddiskvolume2\program files\splunkuniversalforwarder\bin\splunkd.exe  Network Information:  Direction:  %%14593  Source Address:  xxx.xxx.xxx.xxx  Source Port:  55036  Destination Address: xxx.xxx.xxx.xxx  Destination Port:  9997  Protocol:  6  Filter Information:  Filter Run-Time ID: 0  Layer Name:  %%14611  Layer Run-Time ID: 48"
Jun  3 16:38:46 xxx.xxx.xxx.xxx Jun  3 16:38:01 hhhhhhhh ossec: crit=4 id=18105 description="Windows audit failure event." component="(agent1) xxx.xxx.xxx.xxx->WinEvtLog", classification=" windows,", message="WinEvtLog: Security: AUDIT_FAILURE(5157): Microsoft-Windows-Security-Auditing: (no user): no domain: AAAAAA.acmetech.com: The Windows Filtering Platform has blocked a connection. Application Information:  Process ID:  484  Application Name: \device\harddiskvolume2\windows\system32\lsass.exe  Network Information:  Direction:  %%14593  Source Address:  xxx.xxx.xxx.xxx  Source Port:  55035  Destination Address: xxx.xxx.xxx.xxx  Destination Port:  49155  Protocol:  6  Filter Information:  Filter Run-Time ID: 0  Layer Name:  %%14611  Layer Run-Time ID: 48"
Jun  3 16:38:46 xxx.xxx.xxx.xxx Jun  3 16:38:01 hhhhhhhh ossec: crit=4 id=18105 description="Windows audit failure event." component="(agent1) xxx.xxx.xxx.xxx->WinEvtLog", classification=" windows,", message="WinEvtLog: Security: AUDIT_FAILURE(5157): Microsoft-Windows-Security-Auditing: (no user): no domain: AAAAAA.acmetech.com: The Windows Filtering Platform has blocked a connection. Application Information:  Process ID:  484  Application Name: \device\harddiskvolume2\windows\system32\lsass.exe  Network Information:  Direction:  %%14593  Source Address:  xxx.xxx.xxx.xxx  Source Port:  55034  Destination Address: xxx.xxx.xxx.xxx  Destination Port:  135  Protocol:  6  Filter Information:  Filter Run-Time ID: 0  Layer Name:  %%14611  Layer Run-Time ID: 48"
Jun  3 16:38:41 xxx.xxx.xxx.xxx Jun  3 16:37:53 hhhhhhhh ossec: crit=4 id=18105 description="Windows audit failure event." component="(agent1) xxx.xxx.xxx.xxx->WinEvtLog", classification=" windows,", message="WinEvtLog: Security: AUDIT_FAILURE(5157): Microsoft-Windows-Security-Auditing: (no user): no domain: AAAAAA.acmetech.com: The Windows Filtering Platform has blocked a connection. Application Information:  Process ID:  104740  Application Name: \device\harddiskvolume2\program files\splunk\bin\splunkweb.exe  Network Information:  Direction:  %%14593  Source Address:  xxx.xxx.xxx.xxx  Source Port:  55033  Destination Address: xxx.xxx.xxx.xxx  Destination Port:  8089  Protocol:  6  Filter Information:  Filter Run-Time ID: 0  Layer Name:  %%14611  Layer Run-Time ID: 48"
Jun  3 16:38:41 xxx.xxx.xxx.xxx Jun  3 16:37:53 hhhhhhhh ossec: crit=4 id=18105 description="Windows audit failure event." component="(agent1) xxx.xxx.xxx.xxx->WinEvtLog", classification=" windows,", message="WinEvtLog: Security: AUDIT_FAILURE(5157): Microsoft-Windows-Security-Auditing: (no user): no domain: AAAAAA.acmetech.com: The Windows Filtering Platform has blocked a connection. Application Information:  Process ID:  104740  Application Name: \device\harddiskvolume2\program files\splunk\bin\splunkweb.exe  Network Information:  Direction:  %%14593  Source Address:  xxx.xxx.xxx.xxx  Source Port:  55032  Destination Address: xxx.xxx.xxx.xxx  Destination Port:  8089  Protocol:  6  Filter Information:  Filter Run-Time ID: 0  Layer Name:  %%14611  Layer Run-Time ID: 48"
Jun  3 16:38:41 xxx.xxx.xxx.xxx Jun  3 16:37:53 hhhhhhhh ossec: crit=4 id=18105 description="Windows audit failure event." component="(agent1) xxx.xxx.xxx.xxx->WinEvtLog", classification=" windows,", message="WinEvtLog: Security: AUDIT_FAILURE(5157): Microsoft-Windows-Security-Auditing: (no user): no domain: AAAAAA.acmetech.com: The Windows Filtering Platform has blocked a connection. Application Information:  Process ID:  104740  Application Name: \device\harddiskvolume2\program files\splunk\bin\splunkweb.exe  Network Information:  Direction:  %%14593  Source Address:  xxx.xxx.xxx.xxx  Source Port:  55031  Destination Address: xxx.xxx.xxx.xxx  Destination Port:  8089  Protocol:  6  Filter Information:  Filter Run-Time ID: 0  Layer Name:  %%14611  Layer Run-Time ID: 48"
Jun  3 16:38:41 xxx.xxx.xxx.xxx Jun  3 16:37:53 hhhhhhhh ossec: crit=10 id=18153 description="Multiple Windows audit failure events." component="(agent1) xxx.xxx.xxx.xxx->WinEvtLog", classification=" windows,", message="WinEvtLog: Security: AUDIT_FAILURE(5157): Microsoft-Windows-Security-Auditing: (no user): no domain: AAAAAA.acmetech.com: The Windows Filtering Platform has blocked a connection. Application Information:  Process ID:  94908  Application Name: \device\harddiskvolume2\program files\mozilla firefox\firefox.exe  Network Information:  Direction:  %%14593  Source Address:  xxx.xxx.xxx.xxx  Source Port:  55030  Destination Address: xxx.xxx.xxx.xxx  Destination Port:  8000  Protocol:  6  Filter Information:  Filter Run-Time ID: 0  Layer Name:  %%14611  Layer Run-Time ID: 48"
Jun  3 16:38:21 xxx.xxx.xxx.xxx Jun  3 16:37:33 hhhhhhhh ossec: crit=4 id=18105 description="Windows audit failure event." component="(agent1) xxx.xxx.xxx.xxx->WinEvtLog", classification=" windows,", message="WinEvtLog: Security: AUDIT_FAILURE(5157): Microsoft-Windows-Security-Auditing: (no user): no domain: AAAAAA.acmetech.com: The Windows Filtering Platform has blocked a connection. Application Information:  Process ID:  3732  Application Name: \device\harddiskvolume2\program files\splunkuniversalforwarder\bin\splunkd.exe  Network Information:  Direction:  %%14593  Source Address:  xxx.xxx.xxx.xxx  Source Port:  55029  Destination Address: xxx.xxx.xxx.xxx  Destination Port:  9997  Protocol:  6  Filter Information:  Filter Run-Time ID: 0  Layer Name:  %%14611  Layer Run-Time ID: 48"
Jun  3 16:38:11 xxx.xxx.xxx.xxx Jun  3 16:37:25 hhhhhhhh ossec: crit=5 id=18103 description="Windows error event." component="(agent1) xxx.xxx.xxx.xxx->WinEvtLog", classification=" windows,system_error,", message="WinEvtLog: System: ERROR(7000): Service Control Manager: (no user): no domain: AAAAAA.acmetech.com: The BrowserProtect service failed to start due to the following error:   %%2  "
Jun  3 16:37:51 xxx.xxx.xxx.xxx Jun  3 16:37:05 hhhhhhhh ossec: crit=4 id=18105 description="Windows audit failure event." component="(agent1) xxx.xxx.xxx.xxx->WinEvtLog", classification=" windows,", message="WinEvtLog: Security: AUDIT_FAILURE(5157): Microsoft-Windows-Security-Auditing: (no user): no domain: AAAAAA.acmetech.com: The Windows Filtering Platform has blocked a connection. Application Information:  Process ID:  3732  Application Name: \device\harddiskvolume2\program files\splunkuniversalforwarder\bin\splunkd.exe  Network Information:  Direction:  %%14593  Source Address:  xxx.xxx.xxx.xxx  Source Port:  55028  Destination Address: xxx.xxx.xxx.xxx  Destination Port:  9997  Protocol:  6  Filter Information:  Filter Run-Time ID: 0  Layer Name:  %%14611  Layer Run-Time ID: 48"
Jun  3 16:37:41 xxx.xxx.xxx.xxx Jun  3 16:36:53 hhhhhhhh ossec: crit=4 id=18105 description="Windows audit failure event." component="(agent1) xxx.xxx.xxx.xxx->WinEvtLog", classification=" windows,", message="WinEvtLog: Security: AUDIT_FAILURE(5157): Microsoft-Windows-Security-Auditing: (no user): no domain: AAAAAA.acmetech.com: The Windows Filtering Platform has blocked a connection. Application Information:  Process ID:  104740  Application Name: \device\harddiskvolume2\program files\splunk\bin\splunkweb.exe  Network Information:  Direction:  %%14593  Source Address:  xxx.xxx.xxx.xxx  Source Port:  55027  Destination Address: xxx.xxx.xxx.xxx  Destination Port:  8089  Protocol:  6  Filter Information:  Filter Run-Time ID: 0  Layer Name:  %%14611  Layer Run-Time ID: 48"
Jun  3 16:37:41 xxx.xxx.xxx.xxx Jun  3 16:36:53 hhhhhhhh ossec: crit=4 id=18105 description="Windows audit failure event." component="(agent1) xxx.xxx.xxx.xxx->WinEvtLog", classification=" windows,", message="WinEvtLog: Security: AUDIT_FAILURE(5157): Microsoft-Windows-Security-Auditing: (no user): no domain: AAAAAA.acmetech.com: The Windows Filtering Platform has blocked a connection. Application Information:  Process ID:  104740  Application Name: \device\harddiskvolume2\program files\splunk\bin\splunkweb.exe  Network Information:  Direction:  %%14593  Source Address:  xxx.xxx.xxx.xxx  Source Port:  55026  Destination Address: xxx.xxx.xxx.xxx  Destination Port:  8089  Protocol:  6  Filter Information:  Filter Run-Time ID: 0  Layer Name:  %%14611  Layer Run-Time ID: 48"
Jun  3 16:37:41 xxx.xxx.xxx.xxx Jun  3 16:36:53 hhhhhhhh ossec: crit=4 id=18105 description="Windows audit failure event." component="(agent1) xxx.xxx.xxx.xxx->WinEvtLog", classification=" windows,", message="WinEvtLog: Security: AUDIT_FAILURE(5157): Microsoft-Windows-Security-Auditing: (no user): no domain: AAAAAA.acmetech.com: The Windows Filtering Platform has blocked a connection. Application Information:  Process ID:  104740  Application Name: \device\harddiskvolume2\program files\splunk\bin\splunkweb.exe  Network Information:  Direction:  %%14593  Source Address:  xxx.xxx.xxx.xxx  Source Port:  55025  Destination Address: xxx.xxx.xxx.xxx  Destination Port:  8089  Protocol:  6  Filter Information:  Filter Run-Time ID: 0  Layer Name:  %%14611  Layer Run-Time ID: 48"
Jun  3 16:37:41 xxx.xxx.xxx.xxx Jun  3 16:36:53 hhhhhhhh ossec: crit=4 id=18105 description="Windows audit failure event." component="(agent1) xxx.xxx.xxx.xxx->WinEvtLog", classification=" windows,", message="WinEvtLog: Security: AUDIT_FAILURE(5157): Microsoft-Windows-Security-Auditing: (no user): no domain: AAAAAA.acmetech.com: The Windows Filtering Platform has blocked a connection. Application Information:  Process ID:  94908  Application Name: \device\harddiskvolume2\program files\mozilla firefox\firefox.exe  Network Information:  Direction:  %%14593  Source Address:  xxx.xxx.xxx.xxx  Source Port:  55024  Destination Address: xxx.xxx.xxx.xxx  Destination Port:  8000  Protocol:  6  Filter Information:  Filter Run-Time ID: 0  Layer Name:  %%14611  Layer Run-Time ID: 48"
Jun  3 16:37:21 xxx.xxx.xxx.xxx Jun  3 16:36:33 hhhhhhhh ossec: crit=4 id=18105 description="Windows audit failure event." component="(agent1) xxx.xxx.xxx.xxx->WinEvtLog", classification=" windows,", message="WinEvtLog: Security: AUDIT_FAILURE(5157): Microsoft-Windows-Security-Auditing: (no user): no domain: AAAAAA.acmetech.com: The Windows Filtering Platform has blocked a connection. Application Information:  Process ID:  3732  Application Name: \device\harddiskvolume2\program files\splunkuniversalforwarder\bin\splunkd.exe  Network Information:  Direction:  %%14593  Source Address:  xxx.xxx.xxx.xxx  Source Port:  55023  Destination Address: xxx.xxx.xxx.xxx  Destination Port:  9997  Protocol:  6  Filter Information:  Filter Run-Time ID: 0  Layer Name:  %%14611  Layer Run-Time ID: 48"
Jun  3 16:37:11 xxx.xxx.xxx.xxx Jun  3 16:36:25 hhhhhhhh ossec: crit=5 id=18103 description="Windows error event." component="(agent1) xxx.xxx.xxx.xxx->WinEvtLog", classification=" windows,system_error,", message="WinEvtLog: System: ERROR(7000): Service Control Manager: (no user): no domain: AAAAAA.acmetech.com: The BrowserProtect service failed to start due to the following error:   %%2  "
Jun  3 16:37:01 xxx.xxx.xxx.xxx Jun  3 16:36:13 hhhhhhhh ossec: crit=10 id=18153 description="Multiple Windows audit failure events." component="(agent1) xxx.xxx.xxx.xxx->WinEvtLog", classification=" windows,", message="WinEvtLog: Security: AUDIT_FAILURE(5157): Microsoft-Windows-Security-Auditing: (no user): no domain: AAAAAA.acmetech.com: The Windows Filtering Platform has blocked a connection. Application Information:  Process ID:  4  Application Name: System  Network Information:  Direction:  %%14593  Source Address:  xxx.xxx.xxx.xxx  Source Port:  55022  Destination Address: xxx.xxx.xxx.xxx  Destination Port:  445  Protocol:  6  Filter Information:  Filter Run-Time ID: 0  Layer Name:  %%14611  Layer Run-Time ID: 48"
Jun  3 16:36:51 xxx.xxx.xxx.xxx Jun  3 16:36:05 hhhhhhhh ossec: crit=4 id=18105 description="Windows audit failure event." component="(agent1) xxx.xxx.xxx.xxx->WinEvtLog", classification=" windows,", message="WinEvtLog: Security: AUDIT_FAILURE(5157): Microsoft-Windows-Security-Auditing: (no user): no domain: AAAAAA.acmetech.com: The Windows Filtering Platform has blocked a connection. Application Information:  Process ID:  3732  Application Name: \device\harddiskvolume2\program files\splunkuniversalforwarder\bin\splunkd.exe  Network Information:  Direction:  %%14593  Source Address:  xxx.xxx.xxx.xxx  Source Port:  55021  Destination Address: xxx.xxx.xxx.xxx  Destination Port:  9997  Protocol:  6  Filter Information:  Filter Run-Time ID: 0  Layer Name:  %%14611  Layer Run-Time ID: 48"
Jun  3 16:36:46 xxx.xxx.xxx.xxx Jun  3 16:35:57 hhhhhhhh ossec: crit=4 id=18105 description="Windows audit failure event." component="(agent1) xxx.xxx.xxx.xxx->WinEvtLog", classification=" windows,", message="WinEvtLog: Security: AUDIT_FAILURE(5157): Microsoft-Windows-Security-Auditing: (no user): no domain: AAAAAA.acmetech.com: The Windows Filtering Platform has blocked a connection. Application Information:  Process ID:  104740  Application Name: \device\harddiskvolume2\program files\splunk\bin\splunkweb.exe  Network Information:  Direction:  %%14593  Source Address:  xxx.xxx.xxx.xxx  Source Port:  55020  Destination Address: xxx.xxx.xxx.xxx  Destination Port:  8089  Protocol:  6  Filter Information:  Filter Run-Time ID: 0  Layer Name:  %%14611  Layer Run-Time ID: 48"
Jun  3 16:36:46 xxx.xxx.xxx.xxx Jun  3 16:35:57 hhhhhhhh ossec: crit=4 id=18105 description="Windows audit failure event." component="(agent1) xxx.xxx.xxx.xxx->WinEvtLog", classification=" windows,", message="WinEvtLog: Security: AUDIT_FAILURE(5157): Microsoft-Windows-Security-Auditing: (no user): no domain: AAAAAA.acmetech.com: The Windows Filtering Platform has blocked a connection. Application Information:  Process ID:  104740  Application Name: \device\harddiskvolume2\program files\splunk\bin\splunkweb.exe  Network Information:  Direction:  %%14593  Source Address:  xxx.xxx.xxx.xxx  Source Port:  55019  Destination Address: xxx.xxx.xxx.xxx  Destination Port:  8089  Protocol:  6  Filter Information:  Filter Run-Time ID: 0  Layer Name:  %%14611  Layer Run-Time ID: 48"
Jun  3 16:36:46 xxx.xxx.xxx.xxx Jun  3 16:35:57 hhhhhhhh ossec: crit=4 id=18105 description="Windows audit failure event." component="(agent1) xxx.xxx.xxx.xxx->WinEvtLog", classification=" windows,", message="WinEvtLog: Security: AUDIT_FAILURE(5157): Microsoft-Windows-Security-Auditing: (no user): no domain: AAAAAA.acmetech.com: The Windows Filtering Platform has blocked a connection. Application Information:  Process ID:  104740  Application Name: \device\harddiskvolume2\program files\splunk\bin\splunkweb.exe  Network Information:  Direction:  %%14593  Source Address:  xxx.xxx.xxx.xxx  Source Port:  55018  Destination Address: xxx.xxx.xxx.xxx  Destination Port:  8089  Protocol:  6  Filter Information:  Filter Run-Time ID: 0  Layer Name:  %%14611  Layer Run-Time ID: 48"
Jun  3 16:36:46 xxx.xxx.xxx.xxx Jun  3 16:35:57 hhhhhhhh ossec: crit=4 id=18105 description="Windows audit failure event." component="(agent1) xxx.xxx.xxx.xxx->WinEvtLog", classification=" windows,", message="WinEvtLog: Security: AUDIT_FAILURE(5157): Microsoft-Windows-Security-Auditing: (no user): no domain: AAAAAA.acmetech.com: The Windows Filtering Platform has blocked a connection. Application Information:  Process ID:  94908  Application Name: \device\harddiskvolume2\program files\mozilla firefox\firefox.exe  Network Information:  Direction:  %%14593  Source Address:  xxx.xxx.xxx.xxx  Source Port:  55017  Destination Address: xxx.xxx.xxx.xxx  Destination Port:  8000  Protocol:  6  Filter Information:  Filter Run-Time ID: 0  Layer Name:  %%14611  Layer Run-Time ID: 48"
Jun  3 16:36:26 xxx.xxx.xxx.xxx Jun  3 16:35:41 hhhhhhhh ossec: crit=5 id=18106 description="Windows Logon Failure." component="(agent1) xxx.xxx.xxx.xxx->WinEvtLog", classification=" windows,win_authentication_failed,", message="WinEvtLog: Security: AUDIT_FAILURE(4625): Microsoft-Windows-Security-Auditing: (no user): no domain: AAAAAA.acmetech.com: An account failed to log on. Subject:  Security ID:  S-1-5-18  Account Name:  AAAAAA$  Account Domain:  acmetech  Logon ID:  0x3e7  Logon Type:   7  Account For Which Logon Failed:  Security ID:  S-1-0-0  Account Name:  st105472  Account Domain:  acmetech  Failure Information:  Failure Reason:  %%2313  Status:   0xc000006d  Sub Status:  0xc000006a  Process Information:  Caller Process ID: 0x1ac  Caller Process Name: C:\Windows\System32\winlogon.exe  Network Information:  Workstation Name: AAAAAA  Source Network Address: xxx.xxx.xxx.xxx  Source Port:  0  Detailed Authentication Information:  Logon Process:  User32   Authentication Package: Negotiate  Transited Services: -  Package Name (NTLM only): -  Key Length:  0  This event is generated when a logon request fails. It is generated on the computer where access was attempted.  "
Jun  3 16:36:26 xxx.xxx.xxx.xxx Jun  3 16:35:41 hhhhhhhh ossec: crit=4 id=18105 description="Windows audit failure event." component="(agent1) xxx.xxx.xxx.xxx->WinEvtLog", classification=" windows,", message="WinEvtLog: Security: AUDIT_FAILURE(5157): Microsoft-Windows-Security-Auditing: (no user): no domain: AAAAAA.acmetech.com: The Windows Filtering Platform has blocked a connection. Application Information:  Process ID:  484  Application Name: \device\harddiskvolume2\windows\system32\lsass.exe  Network Information:  Direction:  %%14593  Source Address:  xxx.xxx.xxx.xxx  Source Port:  55016  Destination Address: xxx.xxx.xxx.xxx  Destination Port:  88  Protocol:  6  Filter Information:  Filter Run-Time ID: 0  Layer Name:  %%14611  Layer Run-Time ID: 48"
Jun  3 16:36:26 xxx.xxx.xxx.xxx Jun  3 16:35:41 hhhhhhhh ossec: crit=4 id=18105 description="Windows audit failure event." component="(agent1) xxx.xxx.xxx.xxx->WinEvtLog", classification=" windows,", message="WinEvtLog: Security: AUDIT_FAILURE(5157): Microsoft-Windows-Security-Auditing: (no user): no domain: AAAAAA.acmetech.com: The Windows Filtering Platform has blocked a connection. Application Information:  Process ID:  484  Application Name: \device\harddiskvolume2\windows\system32\lsass.exe  Network Information:  Direction:  %%14593  Source Address:  xxx.xxx.xxx.xxx  Source Port:  55015  Destination Address: xxx.xxx.xxx.xxx  Destination Port:  88  Protocol:  6  Filter Information:  Filter Run-Time ID: 0  Layer Name:  %%14611  Layer Run-Time ID: 48"
Jun  3 16:36:26 xxx.xxx.xxx.xxx Jun  3 16:35:37 hhhhhhhh ossec: crit=10 id=18153 description="Multiple Windows audit failure events." component="(agent1) xxx.xxx.xxx.xxx->WinEvtLog", classification=" windows,", message="WinEvtLog: Security: AUDIT_FAILURE(5157): Microsoft-Windows-Security-Auditing: (no user): no domain: AAAAAA.acmetech.com: The Windows Filtering Platform has blocked a connection. Application Information:  Process ID:  3732  Application Name: \device\harddiskvolume2\program files\splunkuniversalforwarder\bin\splunkd.exe  Network Information:  Direction:  %%14593  Source Address:  xxx.xxx.xxx.xxx  Source Port:  55014  Destination Address: xxx.xxx.xxx.xxx  Destination Port:  9997  Protocol:  6  Filter Information:  Filter Run-Time ID: 0  Layer Name:  %%14611  Layer Run-Time ID: 48"
Jun  3 16:36:11 xxx.xxx.xxx.xxx Jun  3 16:35:25 hhhhhhhh ossec: crit=5 id=18103 description="Windows error event." component="(agent1) xxx.xxx.xxx.xxx->WinEvtLog", classification=" windows,system_error,", message="WinEvtLog: System: ERROR(7000): Service Control Manager: (no user): no domain: AAAAAA.acmetech.com: The BrowserProtect service failed to start due to the following error:   %%2  "
Jun  3 16:36:11 xxx.xxx.xxx.xxx Jun  3 16:35:25 hhhhhhhh ossec: crit=4 id=18105 description="Windows audit failure event." component="(agent1) xxx.xxx.xxx.xxx->WinEvtLog", classification=" windows,", message="WinEvtLog: Security: AUDIT_FAILURE(5157): Microsoft-Windows-Security-Auditing: (no user): no domain: AAAAAA.acmetech.com: The Windows Filtering Platform has blocked a connection. Application Information:  Process ID:  2460  Application Name: \device\harddiskvolume2\program files\ca\totaldefense\endpointclient\endpointprotection\ccevtmgr.exe  Network Information:  Direction:  %%14593  Source Address:  xxx.xxx.xxx.xxx  Source Port:  55013  Destination Address: xxx.xxx.xxx.xxx  Destination Port:  49156  Protocol:  6  Filter Information:  Filter Run-Time ID: 0  Layer Name:  %%14611  Layer Run-Time ID: 48"
Jun  3 16:36:06 xxx.xxx.xxx.xxx Jun  3 16:35:21 hhhhhhhh ossec: crit=4 id=18105 description="Windows audit failure event." component="(agent1) xxx.xxx.xxx.xxx->WinEvtLog", classification=" windows,", message="WinEvtLog: Security: AUDIT_FAILURE(5157): Microsoft-Windows-Security-Auditing: (no user): no domain: AAAAAA.acmetech.com: The Windows Filtering Platform has blocked a connection. Application Information:  Process ID:  108188  Application Name: \device\harddiskvolume2\program files\ca\sharedcomponents\agent\eventtool.exe  Network Information:  Direction:  %%14593  Source Address:  xxx.xxx.xxx.xxx  Source Port:  55012  Destination Address: xxx.xxx.xxx.xxx  Destination Port:  8008  Protocol:  6  Filter Information:  Filter Run-Time ID: 0  Layer Name:  %%14611  Layer Run-Time ID: 48"
Jun  3 16:36:06 xxx.xxx.xxx.xxx Jun  3 16:35:17 hhhhhhhh ossec: crit=4 id=18105 description="Windows audit failure event." component="(agent1) xxx.xxx.xxx.xxx->WinEvtLog", classification=" windows,", message="WinEvtLog: Security: AUDIT_FAILURE(5157): Microsoft-Windows-Security-Auditing: (no user): no domain: AAAAAA.acmetech.com: The Windows Filtering Platform has blocked a connection. Application Information:  Process ID:  108188  Application Name: \device\harddiskvolume2\program files\ca\sharedcomponents\agent\eventtool.exe  Network Information:  Direction:  %%14593  Source Address:  xxx.xxx.xxx.xxx  Source Port:  55011  Destination Address: xxx.xxx.xxx.xxx  Destination Port:  389  Protocol:  6  Filter Information:  Filter Run-Time ID: 0  Layer Name:  %%14611  Layer Run-Time ID: 48"
Jun  3 16:36:06 xxx.xxx.xxx.xxx Jun  3 16:35:17 hhhhhhhh ossec: crit=4 id=18105 description="Windows audit failure event." component="(agent1) xxx.xxx.xxx.xxx->WinEvtLog", classification=" windows,", message="WinEvtLog: Security: AUDIT_FAILURE(5157): Microsoft-Windows-Security-Auditing: (no user): no domain: AAAAAA.acmetech.com: The Windows Filtering Platform has blocked a connection. Application Information:  Process ID:  108188  Application Name: \device\harddiskvolume2\program files\ca\sharedcomponents\agent\eventtool.exe  Network Information:  Direction:  %%14593  Source Address:  xxx.xxx.xxx.xxx  Source Port:  55010  Destination Address: xxx.xxx.xxx.xxx  Destination Port:  389  Protocol:  6  Filter Information:  Filter Run-Time ID: 0  Layer Name:  %%14611  Layer Run-Time ID: 48"
Jun  3 16:36:01 xxx.xxx.xxx.xxx Jun  3 16:35:16 hhhhhhhh ossec: crit=4 id=18105 description="Windows audit failure event." component="(agent2) xxx.xxx.xxx.xxx->WinEvtLog", classification=" windows,", message="WinEvtLog: Security: AUDIT_FAILURE(5061): Microsoft-Windows-Security-Auditing: (no user): no domain: AAAAAA: Cryptographic operation. Subject:  Security ID:  S-1-5-18  Account Name:  AAAAAA$  Account Domain:  WORKGROUP  Logon ID:  0x3e7  Cryptographic Parameters:  Provider Name: Microsoft Software Key Storage Provider  Algorithm Name: %%2432  Key Name: 4b81b083-5911-45c9-ad83-a08f70cbd7a0  Key Type: %%2499  Cryptographic Operation:  Operation: %%2480  Return Code: 0x80090011"
Jun  3 16:36:01 xxx.xxx.xxx.xxx Jun  3 16:35:16 hhhhhhhh ossec: crit=4 id=18105 description="Windows audit failure event." component="(agent2) xxx.xxx.xxx.xxx->WinEvtLog", classification=" windows,", message="WinEvtLog: Security: AUDIT_FAILURE(5061): Microsoft-Windows-Security-Auditing: (no user): no domain: AAAAAA: Cryptographic operation. Subject:  Security ID:  S-1-5-18  Account Name:  AAAAAA$  Account Domain:  WORKGROUP  Logon ID:  0x3e7  Cryptographic Parameters:  Provider Name: Microsoft Software Key Storage Provider  Algorithm Name: %%2432  Key Name: 4b81b083-5911-45c9-ad83-a08f70cbd7a0  Key Type: %%2499  Cryptographic Operation:  Operation: %%2480  Return Code: 0x80090011"
Jun  3 16:36:01 xxx.xxx.xxx.xxx Jun  3 16:35:16 hhhhhhhh ossec: crit=4 id=18105 description="Windows audit failure event." component="(agent2) xxx.xxx.xxx.xxx->WinEvtLog", classification=" windows,", message="WinEvtLog: Security: AUDIT_FAILURE(5061): Microsoft-Windows-Security-Auditing: (no user): no domain: AAAAAA: Cryptographic operation. Subject:  Security ID:  S-1-5-18  Account Name:  AAAAAA$  Account Domain:  WORKGROUP  Logon ID:  0x3e7  Cryptographic Parameters:  Provider Name: Microsoft Software Key Storage Provider  Algorithm Name: %%2432  Key Name: 4b81b083-5911-45c9-ad83-a08f70cbd7a0  Key Type: %%2499  Cryptographic Operation:  Operation: %%2480  Return Code: 0x80090011"
Jun  3 16:36:01 xxx.xxx.xxx.xxx Jun  3 16:35:16 hhhhhhhh ossec: crit=10 id=18153 description="Multiple Windows audit failure events." component="(agent2) xxx.xxx.xxx.xxx->WinEvtLog", classification=" windows,", message="WinEvtLog: Security: AUDIT_FAILURE(5061): Microsoft-Windows-Security-Auditing: (no user): no domain: AAAAAA: Cryptographic operation. Subject:  Security ID:  S-1-5-18  Account Name:  AAAAAA$  Account Domain:  WORKGROUP  Logon ID:  0x3e7  Cryptographic Parameters:  Provider Name: Microsoft Software Key Storage Provider  Algorithm Name: %%2432  Key Name: 4b81b083-5911-45c9-ad83-a08f70cbd7a0  Key Type: %%2499  Cryptographic Operation:  Operation: %%2480  Return Code: 0x80090011"
Jun  3 16:35:51 xxx.xxx.xxx.xxx Jun  3 16:35:05 hhhhhhhh ossec: crit=4 id=18105 description="Windows audit failure event." component="(agent1) xxx.xxx.xxx.xxx->WinEvtLog", classification=" windows,", message="WinEvtLog: Security: AUDIT_FAILURE(5157): Microsoft-Windows-Security-Auditing: (no user): no domain: AAAAAA.acmetech.com: The Windows Filtering Platform has blocked a connection. Application Information:  Process ID:  3732  Application Name: \device\harddiskvolume2\program files\splunkuniversalforwarder\bin\splunkd.exe  Network Information:  Direction:  %%14593  Source Address:  xxx.xxx.xxx.xxx  Source Port:  55009  Destination Address: xxx.xxx.xxx.xxx  Destination Port:  9997  Protocol:  6  Filter Information:  Filter Run-Time ID: 0  Layer Name:  %%14611  Layer Run-Time ID: 48"
Jun  3 16:35:46 xxx.xxx.xxx.xxx Jun  3 16:34:57 hhhhhhhh ossec: crit=4 id=18105 description="Windows audit failure event." component="(agent1) xxx.xxx.xxx.xxx->WinEvtLog", classification=" windows,", message="WinEvtLog: Security: AUDIT_FAILURE(5157): Microsoft-Windows-Security-Auditing: (no user): no domain: AAAAAA.acmetech.com: The Windows Filtering Platform has blocked a connection. Application Information:  Process ID:  104740  Application Name: \device\harddiskvolume2\program files\splunk\bin\splunkweb.exe  Network Information:  Direction:  %%14593  Source Address:  xxx.xxx.xxx.xxx  Source Port:  55008  Destination Address: xxx.xxx.xxx.xxx  Destination Port:  8089  Protocol:  6  Filter Information:  Filter Run-Time ID: 0  Layer Name:  %%14611  Layer Run-Time ID: 48"
Jun  3 16:35:46 xxx.xxx.xxx.xxx Jun  3 16:34:57 hhhhhhhh ossec: crit=4 id=18105 description="Windows audit failure event." component="(agent1) xxx.xxx.xxx.xxx->WinEvtLog", classification=" windows,", message="WinEvtLog: Security: AUDIT_FAILURE(5157): Microsoft-Windows-Security-Auditing: (no user): no domain: AAAAAA.acmetech.com: The Windows Filtering Platform has blocked a connection. Application Information:  Process ID:  104740  Application Name: \device\harddiskvolume2\program files\splunk\bin\splunkweb.exe  Network Information:  Direction:  %%14593  Source Address:  xxx.xxx.xxx.xxx  Source Port:  55007  Destination Address: xxx.xxx.xxx.xxx  Destination Port:  8089  Protocol:  6  Filter Information:  Filter Run-Time ID: 0  Layer Name:  %%14611  Layer Run-Time ID: 48"
Jun  3 16:35:46 xxx.xxx.xxx.xxx Jun  3 16:34:57 hhhhhhhh ossec: crit=4 id=18105 description="Windows audit failure event." component="(agent1) xxx.xxx.xxx.xxx->WinEvtLog", classification=" windows,", message="WinEvtLog: Security: AUDIT_FAILURE(5157): Microsoft-Windows-Security-Auditing: (no user): no domain: AAAAAA.acmetech.com: The Windows Filtering Platform has blocked a connection. Application Information:  Process ID:  104740  Application Name: \device\harddiskvolume2\program files\splunk\bin\splunkweb.exe  Network Information:  Direction:  %%14593  Source Address:  xxx.xxx.xxx.xxx  Source Port:  55006  Destination Address: xxx.xxx.xxx.xxx  Destination Port:  8089  Protocol:  6  Filter Information:  Filter Run-Time ID: 0  Layer Name:  %%14611  Layer Run-Time ID: 48"
Jun  3 16:35:46 xxx.xxx.xxx.xxx Jun  3 16:34:57 hhhhhhhh ossec: crit=4 id=18105 description="Windows audit failure event." component="(agent1) xxx.xxx.xxx.xxx->WinEvtLog", classification=" windows,", message="WinEvtLog: Security: AUDIT_FAILURE(5157): Microsoft-Windows-Security-Auditing: (no user): no domain: AAAAAA.acmetech.com: The Windows Filtering Platform has blocked a connection. Application Information:  Process ID:  94908  Application Name: \device\harddiskvolume2\program files\mozilla firefox\firefox.exe  Network Information:  Direction:  %%14593  Source Address:  xxx.xxx.xxx.xxx  Source Port:  55005  Destination Address: xxx.xxx.xxx.xxx  Destination Port:  8000  Protocol:  6  Filter Information:  Filter Run-Time ID: 0  Layer Name:  %%14611  Layer Run-Time ID: 48"
Jun  3 16:35:26 xxx.xxx.xxx.xxx Jun  3 16:34:37 hhhhhhhh ossec: crit=4 id=18105 description="Windows audit failure event." component="(agent1) xxx.xxx.xxx.xxx->WinEvtLog", classification=" windows,", message="WinEvtLog: Security: AUDIT_FAILURE(5157): Microsoft-Windows-Security-Auditing: (no user): no domain: AAAAAA.acmetech.com: The Windows Filtering Platform has blocked a connection. Application Information:  Process ID:  3732  Application Name: \device\harddiskvolume2\program files\splunkuniversalforwarder\bin\splunkd.exe  Network Information:  Direction:  %%14593  Source Address:  xxx.xxx.xxx.xxx  Source Port:  55004  Destination Address: xxx.xxx.xxx.xxx  Destination Port:  9997  Protocol:  6  Filter Information:  Filter Run-Time ID: 0  Layer Name:  %%14611  Layer Run-Time ID: 48"
Jun  3 16:35:11 xxx.xxx.xxx.xxx Jun  3 16:34:25 hhhhhhhh ossec: crit=5 id=18103 description="Windows error event." component="(agent1) xxx.xxx.xxx.xxx->WinEvtLog", classification=" windows,system_error,", message="WinEvtLog: System: ERROR(7000): Service Control Manager: (no user): no domain: AAAAAA.acmetech.com: The BrowserProtect service failed to start due to the following error:   %%2  "
Jun  3 16:35:06 xxx.xxx.xxx.xxx Jun  3 16:34:20 hhhhhhhh ossec: crit=3 id=18149 description="Windows User Logoff." component="(agent2) xxx.xxx.xxx.xxx->WinEvtLog", classification=" windows,", acct="ANONYMOUS LOGON", message="WinEvtLog: Security: AUDIT_SUCCESS(4634): Microsoft-Windows-Security-Auditing: ANONYMOUS LOGON: NT AUTHORITY: AAAAAA: An account was logged off. Subject:  Security ID:  S-1-5-7  Account Name:  ANONYMOUS LOGON  Account Domain:  NT AUTHORITY  Logon ID:  0xb6c5f94  Logon Type:   3  This event is generated when a logon session is destroyed. It may be positively correlated with a logon event using the Logon ID value. Logon IDs are only unique between reboots on the same computer.  4646,1"
Jun  3 16:35:06 xxx.xxx.xxx.xxx Jun  3 16:34:20 hhhhhhhh ossec: crit=3 id=18149 description="Windows User Logoff." component="(agent2) xxx.xxx.xxx.xxx->WinEvtLog", classification=" windows,", acct="ANONYMOUS LOGON", message="WinEvtLog: Security: AUDIT_SUCCESS(4634): Microsoft-Windows-Security-Auditing: ANONYMOUS LOGON: NT AUTHORITY: AAAAAA: An account was logged off. Subject:  Security ID:  S-1-5-7  Account Name:  ANONYMOUS LOGON  Account Domain:  NT AUTHORITY  Logon ID:  0xb6c5f87  Logon Type:   3  This event is generated when a logon session is destroyed. It may be positively correlated with a logon event using the Logon ID value. Logon IDs are only unique between reboots on the same computer.  4646,1"
Jun  3 16:34:56 xxx.xxx.xxx.xxx Jun  3 16:34:08 hhhhhhhh ossec: crit=3 id=18107 description="Windows Logon Success." component="(agent2) xxx.xxx.xxx.xxx->WinEvtLog", classification=" windows,authentication_success,", acct="ANONYMOUS LOGON", message="WinEvtLog: Security: AUDIT_SUCCESS(4624): Microsoft-Windows-Security-Auditing: ANONYMOUS LOGON: NT AUTHORITY: AAAAAA: An account was successfully logged on. Subject:  Security ID:  S-1-0-0  Account Name:  -  Account Domain:  -  Logon ID:  0x0  Logon Type:   3  New Logon:  Security ID:  S-1-5-7  Account Name:  ANONYMOUS LOGON  Account Domain:  NT AUTHORITY  Logon ID:  0xb6c5f94  Logon GUID:  {00000000-0000-0000-0000-000000000000}  Process Information:  Process ID:  0x0  Process Name:  -  Network Information:  Workstation Name: AAAAAA  Source Network Address: xxx.xxx.xxx.xxx  Source Port:  51932  Detailed Authentication Information:  Logon Process:  NtLmSsp   Authentication Package: NTLM  Transited Services: -  Package Name (NTLM only): NTLM V1  Key Length:  128  This event is generated when a logon session is created. It is generated on the computer that was accessed. "
Jun  3 16:34:56 xxx.xxx.xxx.xxx Jun  3 16:34:08 hhhhhhhh ossec: crit=3 id=18107 description="Windows Logon Success." component="(agent2) xxx.xxx.xxx.xxx->WinEvtLog", classification=" windows,authentication_success,", acct="ANONYMOUS LOGON", message="WinEvtLog: Security: AUDIT_SUCCESS(4624): Microsoft-Windows-Security-Auditing: ANONYMOUS LOGON: NT AUTHORITY: AAAAAA: An account was successfully logged on. Subject:  Security ID:  S-1-0-0  Account Name:  -  Account Domain:  -  Logon ID:  0x0  Logon Type:   3  New Logon:  Security ID:  S-1-5-7  Account Name:  ANONYMOUS LOGON  Account Domain:  NT AUTHORITY  Logon ID:  0xb6c5f87  Logon GUID:  {00000000-0000-0000-0000-000000000000}  Process Information:  Process ID:  0x0  Process Name:  -  Network Information:  Workstation Name: AAAAAA  Source Network Address: xxx.xxx.xxx.xxx  Source Port:  51931  Detailed Authentication Information:  Logon Process:  NtLmSsp   Authentication Package: NTLM  Transited Services: -  Package Name (NTLM only): NTLM V1  Key Length:  128  This event is generated when a logon session is created. It is generated on the computer that was accessed. "
Jun  3 16:34:51 xxx.xxx.xxx.xxx Jun  3 16:34:05 hhhhhhhh ossec: crit=4 id=18105 description="Windows audit failure event." component="(agent1) xxx.xxx.xxx.xxx->WinEvtLog", classification=" windows,", message="WinEvtLog: Security: AUDIT_FAILURE(5157): Microsoft-Windows-Security-Auditing: (no user): no domain: AAAAAA.acmetech.com: The Windows Filtering Platform has blocked a connection. Application Information:  Process ID:  3732  Application Name: \device\harddiskvolume2\program files\splunkuniversalforwarder\bin\splunkd.exe  Network Information:  Direction:  %%14593  Source Address:  xxx.xxx.xxx.xxx  Source Port:  55003  Destination Address: xxx.xxx.xxx.xxx  Destination Port:  9997  Protocol:  6  Filter Information:  Filter Run-Time ID: 0  Layer Name:  %%14611  Layer Run-Time ID: 48"
Jun  3 16:34:46 xxx.xxx.xxx.xxx Jun  3 16:33:57 hhhhhhhh ossec: crit=10 id=18153 description="Multiple Windows audit failure events." component="(agent1) xxx.xxx.xxx.xxx->WinEvtLog", classification=" windows,", message="WinEvtLog: Security: AUDIT_FAILURE(5157): Microsoft-Windows-Security-Auditing: (no user): no domain: AAAAAA.acmetech.com: The Windows Filtering Platform has blocked a connection. Application Information:  Process ID:  104740  Application Name: \device\harddiskvolume2\program files\splunk\bin\splunkweb.exe  Network Information:  Direction:  %%14593  Source Address:  xxx.xxx.xxx.xxx  Source Port:  55002  Destination Address: xxx.xxx.xxx.xxx  Destination Port:  8089  Protocol:  6  Filter Information:  Filter Run-Time ID: 0  Layer Name:  %%14611  Layer Run-Time ID: 48"
Jun  3 16:34:46 xxx.xxx.xxx.xxx Jun  3 16:33:57 hhhhhhhh ossec: crit=4 id=18105 description="Windows audit failure event." component="(agent1) xxx.xxx.xxx.xxx->WinEvtLog", classification=" windows,", message="WinEvtLog: Security: AUDIT_FAILURE(5157): Microsoft-Windows-Security-Auditing: (no user): no domain: AAAAAA.acmetech.com: The Windows Filtering Platform has blocked a connection. Application Information:  Process ID:  104740  Application Name: \device\harddiskvolume2\program files\splunk\bin\splunkweb.exe  Network Information:  Direction:  %%14593  Source Address:  xxx.xxx.xxx.xxx  Source Port:  55001  Destination Address: xxx.xxx.xxx.xxx  Destination Port:  8089  Protocol:  6  Filter Information:  Filter Run-Time ID: 0  Layer Name:  %%14611  Layer Run-Time ID: 48"
Jun  3 16:34:46 xxx.xxx.xxx.xxx Jun  3 16:33:57 hhhhhhhh ossec: crit=4 id=18105 description="Windows audit failure event." component="(agent1) xxx.xxx.xxx.xxx->WinEvtLog", classification=" windows,", message="WinEvtLog: Security: AUDIT_FAILURE(5157): Microsoft-Windows-Security-Auditing: (no user): no domain: AAAAAA.acmetech.com: The Windows Filtering Platform has blocked a connection. Application Information:  Process ID:  104740  Application Name: \device\harddiskvolume2\program files\splunk\bin\splunkweb.exe  Network Information:  Direction:  %%14593  Source Address:  xxx.xxx.xxx.xxx  Source Port:  55000  Destination Address: xxx.xxx.xxx.xxx  Destination Port:  8089  Protocol:  6  Filter Information:  Filter Run-Time ID: 0  Layer Name:  %%14611  Layer Run-Time ID: 48"
Jun  3 16:34:46 xxx.xxx.xxx.xxx Jun  3 16:33:57 hhhhhhhh ossec: crit=4 id=18105 description="Windows audit failure event." component="(agent1) xxx.xxx.xxx.xxx->WinEvtLog", classification=" windows,", message="WinEvtLog: Security: AUDIT_FAILURE(5157): Microsoft-Windows-Security-Auditing: (no user): no domain: AAAAAA.acmetech.com: The Windows Filtering Platform has blocked a connection. Application Information:  Process ID:  94908  Application Name: \device\harddiskvolume2\program files\mozilla firefox\firefox.exe  Network Information:  Direction:  %%14593  Source Address:  xxx.xxx.xxx.xxx  Source Port:  54999  Destination Address: xxx.xxx.xxx.xxx  Destination Port:  8000  Protocol:  6  Filter Information:  Filter Run-Time ID: 0  Layer Name:  %%14611  Layer Run-Time ID: 48"
Jun  3 16:34:31 xxx.xxx.xxx.xxx Jun  3 16:33:44 hhhhhhhh ossec: crit=3 id=18149 description="Windows User Logoff." component="(agent2) xxx.xxx.xxx.xxx->WinEvtLog", classification=" windows,", acct="ANONYMOUS LOGON", message="WinEvtLog: Security: AUDIT_SUCCESS(4634): Microsoft-Windows-Security-Auditing: ANONYMOUS LOGON: NT AUTHORITY: AAAAAA: An account was logged off. Subject:  Security ID:  S-1-5-7  Account Name:  ANONYMOUS LOGON  Account Domain:  NT AUTHORITY  Logon ID:  0xb6bfda2  Logon Type:   3  This event is generated when a logon session is destroyed. It may be positively correlated with a logon event using the Logon ID value. Logon IDs are only unique between reboots on the same computer.  4646,1"
Jun  3 16:34:31 xxx.xxx.xxx.xxx Jun  3 16:33:44 hhhhhhhh ossec: crit=3 id=18149 description="Windows User Logoff." component="(agent2) xxx.xxx.xxx.xxx->WinEvtLog", classification=" windows,", acct="ANONYMOUS LOGON", message="WinEvtLog: Security: AUDIT_SUCCESS(4634): Microsoft-Windows-Security-Auditing: ANONYMOUS LOGON: NT AUTHORITY: AAAAAA: An account was logged off. Subject:  Security ID:  S-1-5-7  Account Name:  ANONYMOUS LOGON  Account Domain:  NT AUTHORITY  Logon ID:  0xb6bfd94  Logon Type:   3  This event is generated when a logon session is destroyed. It may be positively correlated with a logon event using the Logon ID value. Logon IDs are only unique between reboots on the same computer.  4646,1"
Jun  3 16:34:26 xxx.xxx.xxx.xxx Jun  3 16:33:37 hhhhhhhh ossec: crit=4 id=18105 description="Windows audit failure event." component="(agent1) xxx.xxx.xxx.xxx->WinEvtLog", classification=" windows,", message="WinEvtLog: Security: AUDIT_FAILURE(5157): Microsoft-Windows-Security-Auditing: (no user): no domain: AAAAAA.acmetech.com: The Windows Filtering Platform has blocked a connection. Application Information:  Process ID:  3732  Application Name: \device\harddiskvolume2\program files\splunkuniversalforwarder\bin\splunkd.exe  Network Information:  Direction:  %%14593  Source Address:  xxx.xxx.xxx.xxx  Source Port:  54998  Destination Address: xxx.xxx.xxx.xxx  Destination Port:  9997  Protocol:  6  Filter Information:  Filter Run-Time ID: 0  Layer Name:  %%14611  Layer Run-Time ID: 48"
Jun  3 16:34:21 xxx.xxx.xxx.xxx Jun  3 16:33:32 hhhhhhhh ossec: crit=3 id=18107 description="Windows Logon Success." component="(agent2) xxx.xxx.xxx.xxx->WinEvtLog", classification=" windows,authentication_success,", acct="ANONYMOUS LOGON", message="WinEvtLog: Security: AUDIT_SUCCESS(4624): Microsoft-Windows-Security-Auditing: ANONYMOUS LOGON: NT AUTHORITY: AAAAAA: An account was successfully logged on. Subject:  Security ID:  S-1-0-0  Account Name:  -  Account Domain:  -  Logon ID:  0x0  Logon Type:   3  New Logon:  Security ID:  S-1-5-7  Account Name:  ANONYMOUS LOGON  Account Domain:  NT AUTHORITY  Logon ID:  0xb6bfda2  Logon GUID:  {00000000-0000-0000-0000-000000000000}  Process Information:  Process ID:  0x0  Process Name:  -  Network Information:  Workstation Name: AAAAAA  Source Network Address: xxx.xxx.xxx.xxx  Source Port:  51917  Detailed Authentication Information:  Logon Process:  NtLmSsp   Authentication Package: NTLM  Transited Services: -  Package Name (NTLM only): NTLM V1  Key Length:  128  This event is generated when a logon session is created. It is generated on the computer that was accessed. "
